# JRE version: OpenJDK Runtime Environment (8.0_112-b06) (build 1.8.0_112-release-b06)
# Java VM: OpenJDK 64-Bit Server VM (25.112-b06 mixed mode windows-amd64 compressed oops)
Heap:
 PSYoungGen      total 347648K, used 195063K [0x00000000e0000000, 0x00000000fcf80000, 0x0000000100000000)
  eden space 302592K, 64% used [0x00000000e0000000,0x00000000ebe7dcb0,0x00000000f2780000)
  from space 45056K, 0% used [0x00000000f2780000,0x00000000f2780000,0x00000000f5380000)
  to   space 49664K, 0% used [0x00000000f9f00000,0x00000000f9f00000,0x00000000fcf80000)
 ParOldGen       total 164864K, used 98395K [0x00000000a0000000, 0x00000000aa100000, 0x00000000e0000000)
  object space 164864K, 59% used [0x00000000a0000000,0x00000000a6016cd8,0x00000000aa100000)
 Metaspace       used 90564K, capacity 94207K, committed 96384K, reserved 1134592K
  class space    used 11097K, capacity 11640K, committed 12160K, reserved 1048576K
GC Heap History (10 events):
Event: 20311.793 GC heap before
{Heap before GC invocations=41 (full 5):
 PSYoungGen      total 284672K, used 284587K [0x00000000e0000000, 0x00000000f8600000, 0x0000000100000000)
  eden space 261632K, 100% used [0x00000000e0000000,0x00000000eff80000,0x00000000eff80000)
  from space 23040K, 99% used [0x00000000f4c80000,0x00000000f62eac48,0x00000000f6300000)
  to   space 35840K, 0% used [0x00000000f6300000,0x00000000f6300000,0x00000000f8600000)
 ParOldGen       total 132608K, used 72555K [0x00000000a0000000, 0x00000000a8180000, 0x00000000e0000000)
  object space 132608K, 54% used [0x00000000a0000000,0x00000000a46daf98,0x00000000a8180000)
 Metaspace       used 91326K, capacity 95839K, committed 96128K, reserved 1132544K
  class space    used 11365K, capacity 12090K, committed 12160K, reserved 1048576K
Event: 20311.817 GC heap after
Heap after GC invocations=41 (full 5):
 PSYoungGen      total 266752K, used 16362K [0x00000000e0000000, 0x00000000f7300000, 0x0000000100000000)
  eden space 250368K, 0% used [0x00000000e0000000,0x00000000e0000000,0x00000000ef480000)
  from space 16384K, 99% used [0x00000000f6300000,0x00000000f72fa8f8,0x00000000f7300000)
  to   space 36864K, 0% used [0x00000000f2b00000,0x00000000f2b00000,0x00000000f4f00000)
 ParOldGen       total 132608K, used 79728K [0x00000000a0000000, 0x00000000a8180000, 0x00000000e0000000)
  object space 132608K, 60% used [0x00000000a0000000,0x00000000a4ddc120,0x00000000a8180000)
 Metaspace       used 91326K, capacity 95839K, committed 96128K, reserved 1132544K
  class space    used 11365K, capacity 12090K, committed 12160K, reserved 1048576K
}
Event: 20312.405 GC heap before
{Heap before GC invocations=42 (full 5):
 PSYoungGen      total 266752K, used 266730K [0x00000000e0000000, 0x00000000f7300000, 0x0000000100000000)
  eden space 250368K, 100% used [0x00000000e0000000,0x00000000ef480000,0x00000000ef480000)
  from space 16384K, 99% used [0x00000000f6300000,0x00000000f72fa8f8,0x00000000f7300000)
  to   space 36864K, 0% used [0x00000000f2b00000,0x00000000f2b00000,0x00000000f4f00000)
 ParOldGen       total 132608K, used 79728K [0x00000000a0000000, 0x00000000a8180000, 0x00000000e0000000)
  object space 132608K, 60% used [0x00000000a0000000,0x00000000a4ddc120,0x00000000a8180000)
 Metaspace       used 91445K, capacity 95967K, committed 96384K, reserved 1134592K
  class space    used 11365K, capacity 12090K, committed 12160K, reserved 1048576K
Event: 20312.446 GC heap after
Heap after GC invocations=42 (full 5):
 PSYoungGen      total 343040K, used 31165K [0x00000000e0000000, 0x00000000f7a80000, 0x0000000100000000)
  eden space 306176K, 0% used [0x00000000e0000000,0x00000000e0000000,0x00000000f2b00000)
  from space 36864K, 84% used [0x00000000f2b00000,0x00000000f496f7f8,0x00000000f4f00000)
  to   space 39936K, 0% used [0x00000000f5380000,0x00000000f5380000,0x00000000f7a80000)
 ParOldGen       total 132608K, used 94063K [0x00000000a0000000, 0x00000000a8180000, 0x00000000e0000000)
  object space 132608K, 70% used [0x00000000a0000000,0x00000000a5bdbed8,0x00000000a8180000)
 Metaspace       used 91445K, capacity 95967K, committed 96384K, reserved 1134592K
  class space    used 11365K, capacity 12090K, committed 12160K, reserved 1048576K
}
Event: 20313.165 GC heap before
{Heap before GC invocations=43 (full 5):
 PSYoungGen      total 343040K, used 337341K [0x00000000e0000000, 0x00000000f7a80000, 0x0000000100000000)
  eden space 306176K, 100% used [0x00000000e0000000,0x00000000f2b00000,0x00000000f2b00000)
  from space 36864K, 84% used [0x00000000f2b00000,0x00000000f496f7f8,0x00000000f4f00000)
  to   space 39936K, 0% used [0x00000000f5380000,0x00000000f5380000,0x00000000f7a80000)
 ParOldGen       total 132608K, used 94063K [0x00000000a0000000, 0x00000000a8180000, 0x00000000e0000000)
  object space 132608K, 70% used [0x00000000a0000000,0x00000000a5bdbed8,0x00000000a8180000)
 Metaspace       used 91525K, capacity 96063K, committed 96384K, reserved 1134592K
  class space    used 11367K, capacity 12122K, committed 12160K, reserved 1048576K
Event: 20313.214 GC heap after
Heap after GC invocations=43 (full 5):
 PSYoungGen      total 342528K, used 37029K [0x00000000e0000000, 0x00000000fc980000, 0x0000000100000000)
  eden space 302592K, 0% used [0x00000000e0000000,0x00000000e0000000,0x00000000f2780000)
  from space 39936K, 92% used [0x00000000f5380000,0x00000000f77a9600,0x00000000f7a80000)
  to   space 45056K, 0% used [0x00000000f2780000,0x00000000f2780000,0x00000000f5380000)
 ParOldGen       total 132608K, used 109932K [0x00000000a0000000, 0x00000000a8180000, 0x00000000e0000000)
  object space 132608K, 82% used [0x00000000a0000000,0x00000000a6b5b368,0x00000000a8180000)
 Metaspace       used 91525K, capacity 96063K, committed 96384K, reserved 1134592K
  class space    used 11367K, capacity 12122K, committed 12160K, reserved 1048576K
}
Event: 20313.920 GC heap before
{Heap before GC invocations=44 (full 5):
 PSYoungGen      total 342528K, used 339621K [0x00000000e0000000, 0x00000000fc980000, 0x0000000100000000)
  eden space 302592K, 100% used [0x00000000e0000000,0x00000000f2780000,0x00000000f2780000)
  from space 39936K, 92% used [0x00000000f5380000,0x00000000f77a9600,0x00000000f7a80000)
  to   space 45056K, 0% used [0x00000000f2780000,0x00000000f2780000,0x00000000f5380000)
 ParOldGen       total 132608K, used 109932K [0x00000000a0000000, 0x00000000a8180000, 0x00000000e0000000)
  object space 132608K, 82% used [0x00000000a0000000,0x00000000a6b5b368,0x00000000a8180000)
 Metaspace       used 91551K, capacity 96063K, committed 96384K, reserved 1134592K
  class space    used 11367K, capacity 12122K, committed 12160K, reserved 1048576K
Event: 20313.975 GC heap after
Heap after GC invocations=44 (full 5):
 PSYoungGen      total 347648K, used 39356K [0x00000000e0000000, 0x00000000fcf80000, 0x0000000100000000)
  eden space 302592K, 0% used [0x00000000e0000000,0x00000000e0000000,0x00000000f2780000)
  from space 45056K, 87% used [0x00000000f2780000,0x00000000f4def180,0x00000000f5380000)
  to   space 49664K, 0% used [0x00000000f9f00000,0x00000000f9f00000,0x00000000fcf80000)
 ParOldGen       total 132608K, used 126359K [0x00000000a0000000, 0x00000000a8180000, 0x00000000e0000000)
  object space 132608K, 95% used [0x00000000a0000000,0x00000000a7b65d48,0x00000000a8180000)
 Metaspace       used 91551K, capacity 96063K, committed 96384K, reserved 1134592K
  class space    used 11367K, capacity 12122K, committed 12160K, reserved 1048576K
}
Event: 20313.976 GC heap before
{Heap before GC invocations=45 (full 6):
 PSYoungGen      total 347648K, used 39356K [0x00000000e0000000, 0x00000000fcf80000, 0x0000000100000000)
  eden space 302592K, 0% used [0x00000000e0000000,0x00000000e0000000,0x00000000f2780000)
  from space 45056K, 87% used [0x00000000f2780000,0x00000000f4def180,0x00000000f5380000)
  to   space 49664K, 0% used [0x00000000f9f00000,0x00000000f9f00000,0x00000000fcf80000)
 ParOldGen       total 132608K, used 126359K [0x00000000a0000000, 0x00000000a8180000, 0x00000000e0000000)
  object space 132608K, 95% used [0x00000000a0000000,0x00000000a7b65d48,0x00000000a8180000)
 Metaspace       used 91551K, capacity 96063K, committed 96384K, reserved 1134592K
  class space    used 11367K, capacity 12122K, committed 12160K, reserved 1048576K
Event: 20314.341 GC heap after
Heap after GC invocations=45 (full 6):
 PSYoungGen      total 347648K, used 0K [0x00000000e0000000, 0x00000000fcf80000, 0x0000000100000000)
  eden space 302592K, 0% used [0x00000000e0000000,0x00000000e0000000,0x00000000f2780000)
  from space 45056K, 0% used [0x00000000f2780000,0x00000000f2780000,0x00000000f5380000)
  to   space 49664K, 0% used [0x00000000f9f00000,0x00000000f9f00000,0x00000000fcf80000)
 ParOldGen       total 164864K, used 98395K [0x00000000a0000000, 0x00000000aa100000, 0x00000000e0000000)
  object space 164864K, 59% used [0x00000000a0000000,0x00000000a6016cd8,0x00000000aa100000)
 Metaspace       used 90057K, capacity 93725K, committed 96384K, reserved 1134592K
  class space    used 11044K, capacity 11607K, committed 12160K, reserved 1048576K
}

